\BOOKMARK [1][-]{section*.1}{Summary}{}% 1
\BOOKMARK [1][-]{chapter*.3}{List of Figures}{}% 2
\BOOKMARK [1][-]{chapter*.4}{List of Tables}{}% 3
\BOOKMARK [0][-]{chapter.1}{Introduction}{}% 4
\BOOKMARK [1][-]{section.1.1}{Problem Statement}{chapter.1}% 5
\BOOKMARK [1][-]{section.1.2}{Research Objectives}{chapter.1}% 6
\BOOKMARK [1][-]{section.1.3}{Outline and Contributions}{chapter.1}% 7
\BOOKMARK [0][-]{chapter.2}{Nearest neighbors and Random Forests}{}% 8
\BOOKMARK [1][-]{section.2.1}{Nearest neighbors}{chapter.2}% 9
\BOOKMARK [1][-]{section.2.2}{Random Forests}{chapter.2}% 10
\BOOKMARK [0][-]{chapter.3}{Correlation Estimation using Machine Learning}{}% 11
\BOOKMARK [1][-]{section.3.1}{Pearson product-moment correlation coefficient}{chapter.3}% 12
\BOOKMARK [1][-]{section.3.2}{Capturing nonlinear relations: Kendall's }{chapter.3}% 13
\BOOKMARK [0][-]{chapter.4}{Simulated Data with Time-Varying Correlation}{}% 14
\BOOKMARK [1][-]{section.4.1}{Confidence intervals of individual correlation coefficients}{chapter.4}% 15
\BOOKMARK [1][-]{section.4.2}{The Bias-Variance decomposition}{chapter.4}% 16
\BOOKMARK [1][-]{section.4.3}{KNN, RF Application with True Correlations for Output Variable and Proxies for Covariates}{chapter.4}% 17
\BOOKMARK [2][-]{subsection.4.3.1}{Nearest neighbor}{section.4.3}% 18
\BOOKMARK [2][-]{subsection.4.3.2}{Random Forest}{section.4.3}% 19
\BOOKMARK [1][-]{section.4.4}{KNN, RF Application with Proxies for Output Variable and Covariates}{chapter.4}% 20
\BOOKMARK [2][-]{subsection.4.4.1}{Nearest neighbor}{section.4.4}% 21
\BOOKMARK [2][-]{subsection.4.4.2}{Random Forest}{section.4.4}% 22
\BOOKMARK [1][-]{section.4.5}{Conclusion simulation results}{chapter.4}% 23
\BOOKMARK [0][-]{chapter.5}{Systems of Correlations in Quantitative Financial Risk Management}{}% 24
\BOOKMARK [1][-]{section.5.1}{Value-at-Risk as Measure for Market Risk}{chapter.5}% 25
\BOOKMARK [1][-]{section.5.2}{Dynamic Conditional Correlation Model}{chapter.5}% 26
\BOOKMARK [1][-]{section.5.3}{Univariate GARCH\(1,1\)}{chapter.5}% 27
\BOOKMARK [1][-]{section.5.4}{Backtesting methodology}{chapter.5}% 28
\BOOKMARK [1][-]{section.5.5}{Data and descriptive statistics}{chapter.5}% 29
\BOOKMARK [1][-]{section.5.6}{Empirical results}{chapter.5}% 30
\BOOKMARK [2][-]{subsection.5.6.1}{Tranquil market conditions: mid-1990's}{section.5.6}% 31
\BOOKMARK [2][-]{subsection.5.6.2}{Volatile market conditions: 2000-2001 Dot-com bubble}{section.5.6}% 32
\BOOKMARK [1][-]{section.5.7}{Conclusion empirical results}{chapter.5}% 33
\BOOKMARK [0][-]{chapter.6}{Conclusion and Future Research}{}% 34
\BOOKMARK [0][-]{appendix.A}{Theoretical Analysis Value-at-Risk Forecasting}{}% 35
\BOOKMARK [1][-]{section.A.1}{Tranquil market conditions: mid-1990's}{appendix.A}% 36
\BOOKMARK [1][-]{section.A.2}{Volatile market conditions: 2000-2001 Dot-com bubble}{appendix.A}% 37
