\BOOKMARK [1][-]{section*.1}{Abstract}{}% 1
\BOOKMARK [1][-]{section*.2}{Acknowledgments}{}% 2
\BOOKMARK [1][-]{chapter*.4}{List of Figures}{}% 3
\BOOKMARK [1][-]{chapter*.5}{List of Tables}{}% 4
\BOOKMARK [0][-]{chapter.1}{Introduction}{}% 5
\BOOKMARK [1][-]{section.1.1}{Problem Statement}{chapter.1}% 6
\BOOKMARK [1][-]{section.1.2}{Research Objectives}{chapter.1}% 7
\BOOKMARK [1][-]{section.1.3}{Outline and Contributions}{chapter.1}% 8
\BOOKMARK [0][-]{chapter.2}{Methodology}{}% 9
\BOOKMARK [1][-]{section.2.1}{Machine Learning and the Concept of Supervised learning}{chapter.2}% 10
\BOOKMARK [2][-]{subsection.2.1.1}{Nearest Neighbors Algorithm}{section.2.1}% 11
\BOOKMARK [2][-]{subsection.2.1.2}{Random Forest Algorithm}{section.2.1}% 12
\BOOKMARK [3][-]{subsubsection.2.1.2.1}{Classification and Regression Trees}{subsection.2.1.2}% 13
\BOOKMARK [3][-]{subsubsection.2.1.2.2}{Bagging}{subsection.2.1.2}% 14
\BOOKMARK [3][-]{subsubsection.2.1.2.3}{Random Covariate Subspacing}{subsection.2.1.2}% 15
\BOOKMARK [3][-]{subsubsection.2.1.2.4}{Multi-Output Random Forest}{subsection.2.1.2}% 16
\BOOKMARK [2][-]{subsection.2.1.3}{Bias-Variance Decomposition}{section.2.1}% 17
\BOOKMARK [1][-]{section.2.2}{Multivariate Volatility Modeling}{chapter.2}% 18
\BOOKMARK [2][-]{subsection.2.2.1}{Pearson Product-Moment Correlation Coefficient}{section.2.2}% 19
\BOOKMARK [2][-]{subsection.2.2.2}{Capturing Nonlinear Relations: Kendall's }{section.2.2}% 20
\BOOKMARK [1][-]{section.2.3}{Correlation Estimation using Machine Learning}{chapter.2}% 21
\BOOKMARK [0][-]{chapter.3}{Simulated Data with Time-Varying Correlation}{}% 22
\BOOKMARK [1][-]{section.3.1}{Moving Window Estimates of Correlation}{chapter.3}% 23
\BOOKMARK [1][-]{section.3.2}{Learning with True Correlation for Response Variable and Proxies for Covariates}{chapter.3}% 24
\BOOKMARK [2][-]{subsection.3.2.1}{Nearest Neighbor}{section.3.2}% 25
\BOOKMARK [3][-]{subsubsection.3.2.1.1}{Diagnosing the Generalization Error of Nearest Neighbors}{subsection.3.2.1}% 26
\BOOKMARK [3][-]{subsubsection.3.2.1.2}{Alternative Parameterizations of Nearest Neighbor Algorithm}{subsection.3.2.1}% 27
\BOOKMARK [2][-]{subsection.3.2.2}{Random Forest}{section.3.2}% 28
\BOOKMARK [3][-]{subsubsection.3.2.2.1}{Diagnosing the Generalization Error of Random Forest}{subsection.3.2.2}% 29
\BOOKMARK [3][-]{subsubsection.3.2.2.2}{Alternative Parameterizations of Random Forest Algorithm}{subsection.3.2.2}% 30
\BOOKMARK [1][-]{section.3.3}{Learning with Proxies for Response Variable and Covariates}{chapter.3}% 31
\BOOKMARK [2][-]{subsection.3.3.1}{Nearest Neighbor}{section.3.3}% 32
\BOOKMARK [3][-]{subsubsection.3.3.1.1}{Diagnosing the Generalization Error of Nearest Neighbor}{subsection.3.3.1}% 33
\BOOKMARK [3][-]{subsubsection.3.3.1.2}{Alternative Parameterizations of Nearest Neighbor Algorithm}{subsection.3.3.1}% 34
\BOOKMARK [2][-]{subsection.3.3.2}{Random Forest}{section.3.3}% 35
\BOOKMARK [3][-]{subsubsection.3.3.2.1}{Diagnosing the Generalization Error of Random Forest}{subsection.3.3.2}% 36
\BOOKMARK [3][-]{subsubsection.3.3.2.2}{Alternative Parameterizations of Random Forest Algorithm}{subsection.3.3.2}% 37
\BOOKMARK [1][-]{section.3.4}{Conclusion Simulation Results}{chapter.3}% 38
\BOOKMARK [0][-]{chapter.4}{Systems of Correlations in Quantitative Financial Risk Management}{}% 39
\BOOKMARK [1][-]{section.4.1}{Value-at-Risk as Measure for Market Risk}{chapter.4}% 40
\BOOKMARK [1][-]{section.4.2}{Dynamic Conditional Correlation Model}{chapter.4}% 41
\BOOKMARK [1][-]{section.4.3}{Backtesting Methodology}{chapter.4}% 42
\BOOKMARK [1][-]{section.4.4}{Data and Descriptive Statistics}{chapter.4}% 43
\BOOKMARK [1][-]{section.4.5}{Empirical Results}{chapter.4}% 44
\BOOKMARK [2][-]{subsection.4.5.1}{Tranquil Market Conditions: Mid-1990's}{section.4.5}% 45
\BOOKMARK [2][-]{subsection.4.5.2}{Volatile Market Conditions: 2000-2001 Dot-com Bubble}{section.4.5}% 46
\BOOKMARK [1][-]{section.4.6}{Conclusion Empirical Results}{chapter.4}% 47
\BOOKMARK [0][-]{chapter.5}{Conclusion and Future Research}{}% 48
\BOOKMARK [0][-]{appendix.A}{Theoretical Analysis Value-at-Risk Forecasting}{}% 49
\BOOKMARK [1][-]{section.A.1}{Tranquil Market Conditions: Mid-1990's}{appendix.A}% 50
\BOOKMARK [1][-]{section.A.2}{Volatile Market Conditions: 2000-2001 Dot-com Bubble}{appendix.A}% 51
