This is pdfTeX, Version 3.14159265-2.6-1.40.17 (TeX Live 2016) (preloaded format=pdflatex 2016.5.22)  18 JUL 2018 16:06
entering extended mode
 restricted \write18 enabled.
 file:line:error style messages enabled.
 %&-line parsing enabled.
**Thesis_project_PGMelkert_0893899.tex
(./Thesis_project_PGMelkert_0893899.tex
LaTeX2e <2016/03/31>
Babel <3.9r> and hyphenation patterns for 83 language(s) loaded.
(/usr/local/texlive/2016/texmf-dist/tex/latex/base/report.cls
Document Class: report 2014/09/29 v1.4h Standard LaTeX document class
(/usr/local/texlive/2016/texmf-dist/tex/latex/base/size11.clo
File: size11.clo 2014/09/29 v1.4h Standard LaTeX file (size option)
)
\c@part=\count79
\c@chapter=\count80
\c@section=\count81
\c@subsection=\count82
\c@subsubsection=\count83
\c@paragraph=\count84
\c@subparagraph=\count85
\c@figure=\count86
\c@table=\count87
\abovecaptionskip=\skip41
\belowcaptionskip=\skip42
\bibindent=\dimen102
)
(/usr/local/texlive/2016/texmf-dist/tex/generic/babel/babel.sty
Package: babel 2016/04/23 3.9r The Babel package

(/usr/local/texlive/2016/texmf-dist/tex/generic/babel-english/english.ldf
Language: english 2012/08/20 v3.3p English support from the babel system

(/usr/local/texlive/2016/texmf-dist/tex/generic/babel/babel.def
File: babel.def 2016/04/23 3.9r Babel common definitions
\babel@savecnt=\count88
\U@D=\dimen103
)
\l@canadian = a dialect from \language\l@american 
\l@australian = a dialect from \language\l@british 
\l@newzealand = a dialect from \language\l@british 
))
(/usr/local/texlive/2016/texmf-dist/tex/latex/lipsum/lipsum.sty
Package: lipsum 2014/07/27 v1.3 150 paragraphs of Lorem Ipsum dummy text
\c@lips@count=\count89
)
(/usr/local/texlive/2016/texmf-dist/tex/latex/geometry/geometry.sty
Package: geometry 2010/09/12 v5.6 Page Geometry

(/usr/local/texlive/2016/texmf-dist/tex/latex/graphics/keyval.sty
Package: keyval 2014/10/28 v1.15 key=value parser (DPC)
\KV@toks@=\toks14
)
(/usr/local/texlive/2016/texmf-dist/tex/generic/oberdiek/ifpdf.sty
Package: ifpdf 2016/05/14 v3.1 Provides the ifpdf switch
)
(/usr/local/texlive/2016/texmf-dist/tex/generic/oberdiek/ifvtex.sty
Package: ifvtex 2016/05/16 v1.6 Detect VTeX and its facilities (HO)
Package ifvtex Info: VTeX not detected.
)
(/usr/local/texlive/2016/texmf-dist/tex/generic/ifxetex/ifxetex.sty
Package: ifxetex 2010/09/12 v0.6 Provides ifxetex conditional
)
\Gm@cnth=\count90
\Gm@cntv=\count91
\c@Gm@tempcnt=\count92
\Gm@bindingoffset=\dimen104
\Gm@wd@mp=\dimen105
\Gm@odd@mp=\dimen106
\Gm@even@mp=\dimen107
\Gm@layoutwidth=\dimen108
\Gm@layoutheight=\dimen109
\Gm@layouthoffset=\dimen110
\Gm@layoutvoffset=\dimen111
\Gm@dimlist=\toks15
)
(/usr/local/texlive/2016/texmf-dist/tex/latex/hyperref/hyperref.sty
Package: hyperref 2016/05/05 v6.83n Hypertext links for LaTeX

(/usr/local/texlive/2016/texmf-dist/tex/generic/oberdiek/hobsub-hyperref.sty
Package: hobsub-hyperref 2016/05/16 v1.14 Bundle oberdiek, subset hyperref (HO)


(/usr/local/texlive/2016/texmf-dist/tex/generic/oberdiek/hobsub-generic.sty
Package: hobsub-generic 2016/05/16 v1.14 Bundle oberdiek, subset generic (HO)
Package: hobsub 2016/05/16 v1.14 Construct package bundles (HO)
Package: infwarerr 2016/05/16 v1.4 Providing info/warning/error messages (HO)
Package: ltxcmds 2016/05/16 v1.23 LaTeX kernel commands for general use (HO)
Package: ifluatex 2016/05/16 v1.4 Provides the ifluatex switch (HO)
Package ifluatex Info: LuaTeX not detected.
Package hobsub Info: Skipping package `ifvtex' (already loaded).
Package: intcalc 2016/05/16 v1.2 Expandable calculations with integers (HO)
Package hobsub Info: Skipping package `ifpdf' (already loaded).
Package: etexcmds 2016/05/16 v1.6 Avoid name clashes with e-TeX commands (HO)
Package etexcmds Info: Could not find \expanded.
(etexcmds)             That can mean that you are not using pdfTeX 1.50 or
(etexcmds)             that some package has redefined \expanded.
(etexcmds)             In the latter case, load this package earlier.
Package: kvsetkeys 2016/05/16 v1.17 Key value parser (HO)
Package: kvdefinekeys 2016/05/16 v1.4 Define keys (HO)
Package: pdftexcmds 2016/05/10 v0.21 Utility functions of pdfTeX for LuaTeX (HO
)
Package pdftexcmds Info: LuaTeX not detected.
Package pdftexcmds Info: \pdf@primitive is available.
Package pdftexcmds Info: \pdf@ifprimitive is available.
Package pdftexcmds Info: \pdfdraftmode found.
Package: pdfescape 2016/05/16 v1.14 Implements pdfTeX's escape features (HO)
Package: bigintcalc 2016/05/16 v1.4 Expandable calculations on big integers (HO
)
Package: bitset 2016/05/16 v1.2 Handle bit-vector datatype (HO)
Package: uniquecounter 2016/05/16 v1.3 Provide unlimited unique counter (HO)
)
Package hobsub Info: Skipping package `hobsub' (already loaded).
Package: letltxmacro 2016/05/16 v1.5 Let assignment for LaTeX macros (HO)
Package: hopatch 2016/05/16 v1.3 Wrapper for package hooks (HO)
Package: xcolor-patch 2016/05/16 xcolor patch
Package: atveryend 2016/05/16 v1.9 Hooks at the very end of document (HO)
Package atveryend Info: \enddocument detected (standard20110627).
Package: atbegshi 2016/05/16 v1.17 At begin shipout hook (HO)
Package: refcount 2016/05/16 v3.5 Data extraction from label references (HO)
Package: hycolor 2016/05/16 v1.8 Color options for hyperref/bookmark (HO)
)
(/usr/local/texlive/2016/texmf-dist/tex/latex/oberdiek/auxhook.sty
Package: auxhook 2016/05/16 v1.4 Hooks for auxiliary files (HO)
)
(/usr/local/texlive/2016/texmf-dist/tex/latex/oberdiek/kvoptions.sty
Package: kvoptions 2016/05/16 v3.12 Key value format for package options (HO)
)
\@linkdim=\dimen112
\Hy@linkcounter=\count93
\Hy@pagecounter=\count94

(/usr/local/texlive/2016/texmf-dist/tex/latex/hyperref/pd1enc.def
File: pd1enc.def 2016/05/05 v6.83n Hyperref: PDFDocEncoding definition (HO)
)
\Hy@SavedSpaceFactor=\count95

(/usr/local/texlive/2016/texmf-dist/tex/latex/latexconfig/hyperref.cfg
File: hyperref.cfg 2002/06/06 v1.2 hyperref configuration of TeXLive
)
Package hyperref Info: Hyper figures OFF on input line 4446.
Package hyperref Info: Link nesting OFF on input line 4451.
Package hyperref Info: Hyper index ON on input line 4454.
Package hyperref Info: Plain pages OFF on input line 4461.
Package hyperref Info: Backreferencing OFF on input line 4466.
Package hyperref Info: Implicit mode ON; LaTeX internals redefined.
Package hyperref Info: Bookmarks ON on input line 4691.
\c@Hy@tempcnt=\count96

(/usr/local/texlive/2016/texmf-dist/tex/latex/url/url.sty
\Urlmuskip=\muskip10
Package: url 2013/09/16  ver 3.4  Verb mode for urls, etc.
)
LaTeX Info: Redefining \url on input line 5044.
\XeTeXLinkMargin=\dimen113
\Fld@menulength=\count97
\Field@Width=\dimen114
\Fld@charsize=\dimen115
Package hyperref Info: Hyper figures OFF on input line 6298.
Package hyperref Info: Link nesting OFF on input line 6303.
Package hyperref Info: Hyper index ON on input line 6306.
Package hyperref Info: backreferencing OFF on input line 6313.
Package hyperref Info: Link coloring OFF on input line 6318.
Package hyperref Info: Link coloring with OCG OFF on input line 6323.
Package hyperref Info: PDF/A mode OFF on input line 6328.
LaTeX Info: Redefining \ref on input line 6368.
LaTeX Info: Redefining \pageref on input line 6372.
\Hy@abspage=\count98
\c@Item=\count99
\c@Hfootnote=\count100
)

Package hyperref Message: Driver (autodetected): hpdftex.

(/usr/local/texlive/2016/texmf-dist/tex/latex/hyperref/hpdftex.def
File: hpdftex.def 2016/05/05 v6.83n Hyperref driver for pdfTeX
\Fld@listcount=\count101
\c@bookmark@seq@number=\count102

(/usr/local/texlive/2016/texmf-dist/tex/latex/oberdiek/rerunfilecheck.sty
Package: rerunfilecheck 2016/05/16 v1.8 Rerun checks for auxiliary files (HO)
Package uniquecounter Info: New unique counter `rerunfilecheck' on input line 2
82.
)
\Hy@SectionHShift=\skip43
)
Package hyperref Info: Option `colorlinks' set `true' on input line 8.

(/usr/local/texlive/2016/texmf-dist/tex/latex/enumitem/enumitem.sty
Package: enumitem 2011/09/28 v3.5.2 Customized lists
\labelindent=\skip44
\enit@outerparindent=\dimen116
\enit@toks=\toks16
\enit@inbox=\box26
\enitdp@description=\count103
)
(/usr/local/texlive/2016/texmf-dist/tex/latex/textpos/textpos.sty
Package: textpos 2014/01/03 v1.7j

Package: textpos 2014/01/03 1.7j, absolute positioning of text on the page
(/usr/local/texlive/2016/texmf-dist/tex/latex/ms/everyshi.sty
Package: everyshi 2001/05/15 v3.00 EveryShipout Package (MS)
)
\TP@textbox=\box27
\TP@holdbox=\box28
\TPHorizModule=\dimen117
\TPVertModule=\dimen118
\TP@margin=\dimen119
\TP@absmargin=\dimen120

Grid set 16 x 16 = 38.39343pt x 49.68562pt
\TPboxrulesize=\dimen121
\TP@ox=\dimen122
\TP@oy=\dimen123
\TP@tbargs=\toks17
\TP@prevdepth=\dimen124
TextBlockOrigin set to 0pt x 0pt
) (/usr/local/texlive/2016/texmf-dist/tex/latex/graphics/graphicx.sty
Package: graphicx 2014/10/28 v1.0g Enhanced LaTeX Graphics (DPC,SPQR)

(/usr/local/texlive/2016/texmf-dist/tex/latex/graphics/graphics.sty
Package: graphics 2016/05/09 v1.0r Standard LaTeX Graphics (DPC,SPQR)

(/usr/local/texlive/2016/texmf-dist/tex/latex/graphics/trig.sty
Package: trig 2016/01/03 v1.10 sin cos tan (DPC)
)
(/usr/local/texlive/2016/texmf-dist/tex/latex/graphics-cfg/graphics.cfg
File: graphics.cfg 2016/01/02 v1.10 sample graphics configuration
)
Package graphics Info: Driver file: pdftex.def on input line 96.

(/usr/local/texlive/2016/texmf-dist/tex/latex/pdftex-def/pdftex.def
File: pdftex.def 2011/05/27 v0.06d Graphics/color for pdfTeX
\Gread@gobject=\count104
))
\Gin@req@height=\dimen125
\Gin@req@width=\dimen126
)
(/usr/local/texlive/2016/texmf-dist/tex/latex/caption/caption.sty
Package: caption 2016/02/21 v3.3-144 Customizing captions (AR)

(/usr/local/texlive/2016/texmf-dist/tex/latex/caption/caption3.sty
Package: caption3 2016/02/04 v1.7-139 caption3 kernel (AR)
Package caption3 Info: TeX engine: e-TeX on input line 67.
\captionmargin=\dimen127
\captionmargin@=\dimen128
\captionwidth=\dimen129
\caption@tempdima=\dimen130
\caption@indent=\dimen131
\caption@parindent=\dimen132
\caption@hangindent=\dimen133
)
\c@ContinuedFloat=\count105
Package caption Info: hyperref package is loaded.
)
(/usr/local/texlive/2016/texmf-dist/tex/latex/caption/subcaption.sty
Package: subcaption 2016/02/20 v1.1-142 Sub-captions (AR)
\c@subfigure=\count106
\c@subtable=\count107
)
(/usr/local/texlive/2016/texmf-dist/tex/latex/float/float.sty
Package: float 2001/11/08 v1.3d Float enhancements (AL)
\c@float@type=\count108
\float@exts=\toks18
\float@box=\box29
\@float@everytoks=\toks19
\@floatcapt=\box30
)
(/usr/local/texlive/2016/texmf-dist/tex/latex/xcolor/xcolor.sty
Package: xcolor 2016/05/11 v2.12 LaTeX color extensions (UK)

(/usr/local/texlive/2016/texmf-dist/tex/latex/graphics-cfg/color.cfg
File: color.cfg 2016/01/02 v1.6 sample color configuration
)
Package xcolor Info: Driver file: pdftex.def on input line 225.

(/usr/local/texlive/2016/texmf-dist/tex/latex/colortbl/colortbl.sty
Package: colortbl 2012/02/13 v1.0a Color table columns (DPC)

(/usr/local/texlive/2016/texmf-dist/tex/latex/tools/array.sty
Package: array 2014/10/28 v2.4c Tabular extension package (FMi)
\col@sep=\dimen134
\extrarowheight=\dimen135
\NC@list=\toks20
\extratabsurround=\skip45
\backup@length=\skip46
)
\everycr=\toks21
\minrowclearance=\skip47
)
\rownum=\count109
Package xcolor Info: Model `cmy' substituted by `cmy0' on input line 1348.
Package xcolor Info: Model `hsb' substituted by `rgb' on input line 1352.
Package xcolor Info: Model `RGB' extended on input line 1364.
Package xcolor Info: Model `HTML' substituted by `rgb' on input line 1366.
Package xcolor Info: Model `Hsb' substituted by `hsb' on input line 1367.
Package xcolor Info: Model `tHsb' substituted by `hsb' on input line 1368.
Package xcolor Info: Model `HSB' substituted by `hsb' on input line 1369.
Package xcolor Info: Model `Gray' substituted by `gray' on input line 1370.
Package xcolor Info: Model `wave' substituted by `hsb' on input line 1371.
)
(/usr/local/texlive/2016/texmf-dist/tex/latex/rotating/rotating.sty
Package: rotating 2009/03/28 v2.16a rotated objects in LaTeX

(/usr/local/texlive/2016/texmf-dist/tex/latex/base/ifthen.sty
Package: ifthen 2014/09/29 v1.1c Standard LaTeX ifthen package (DPC)
)
\c@r@tfl@t=\count110
\rotFPtop=\skip48
\rotFPbot=\skip49
\rot@float@box=\box31
\rot@mess@toks=\toks22
)
(/usr/local/texlive/2016/texmf-dist/tex/latex/oberdiek/pdflscape.sty
Package: pdflscape 2016/05/14 v0.11 Display of landscape pages in PDF (HO)

(/usr/local/texlive/2016/texmf-dist/tex/latex/graphics/lscape.sty
Package: lscape 2000/10/22 v3.01 Landscape Pages (DPC)
)
Package pdflscape Info: Auto-detected driver: pdftex on input line 81.
)
(/usr/local/texlive/2016/texmf-dist/tex/latex/booktabs/booktabs.sty
Package: booktabs 2016/04/27 v1.618033 publication quality tables
\heavyrulewidth=\dimen136
\lightrulewidth=\dimen137
\cmidrulewidth=\dimen138
\belowrulesep=\dimen139
\belowbottomsep=\dimen140
\aboverulesep=\dimen141
\abovetopsep=\dimen142
\cmidrulesep=\dimen143
\cmidrulekern=\dimen144
\defaultaddspace=\dimen145
\@cmidla=\count111
\@cmidlb=\count112
\@aboverulesep=\dimen146
\@belowrulesep=\dimen147
\@thisruleclass=\count113
\@lastruleclass=\count114
\@thisrulewidth=\dimen148
)
(/usr/local/texlive/2016/texmf-dist/tex/latex/fancyhdr/fancyhdr.sty
\fancy@headwidth=\skip50
\f@ncyO@elh=\skip51
\f@ncyO@erh=\skip52
\f@ncyO@olh=\skip53
\f@ncyO@orh=\skip54
\f@ncyO@elf=\skip55
\f@ncyO@erf=\skip56
\f@ncyO@olf=\skip57
\f@ncyO@orf=\skip58
)
(/usr/local/texlive/2016/texmf-dist/tex/latex/footmisc/footmisc.sty
Package: footmisc 2011/06/06 v5.5b a miscellany of footnote facilities
\FN@temptoken=\toks23
\footnotemargin=\dimen149


LaTeX Warning: Command \@makecol  has changed.
               Check if current package is valid.

\c@pp@next@reset=\count115
Package footmisc Info: Declaring symbol style bringhurst on input line 855.
Package footmisc Info: Declaring symbol style chicago on input line 863.
Package footmisc Info: Declaring symbol style wiley on input line 872.
Package footmisc Info: Declaring symbol style lamport-robust on input line 883.

Package footmisc Info: Declaring symbol style lamport* on input line 903.
Package footmisc Info: Declaring symbol style lamport*-robust on input line 924
.
) (/usr/local/texlive/2016/texmf-dist/tex/latex/multirow/multirow.sty
\bigstrutjot=\dimen150
)
(/usr/local/texlive/2016/texmf-dist/tex/latex/natbib/natbib.sty
Package: natbib 2010/09/13 8.31b (PWD, AO)
\bibhang=\skip59
\bibsep=\skip60
LaTeX Info: Redefining \cite on input line 694.
\c@NAT@ctr=\count116
) (./optidef.sty
Package: optidef 2016/10/22 - version=2.3, Package for defining optimization pr
oblems
(/usr/local/texlive/2016/texmf-dist/tex/latex/environ/environ.sty
Package: environ 2014/05/04 v0.3 A new way to define environments

(/usr/local/texlive/2016/texmf-dist/tex/latex/trimspaces/trimspaces.sty
Package: trimspaces 2009/09/17 v1.1 Trim spaces around a token list
)
\@envbody=\toks24
)
(/usr/local/texlive/2016/texmf-dist/tex/latex/mathtools/mathtools.sty
Package: mathtools 2015/11/12 v1.18 mathematical typesetting tools

(/usr/local/texlive/2016/texmf-dist/tex/latex/tools/calc.sty
Package: calc 2014/10/28 v4.3 Infix arithmetic (KKT,FJ)
\calc@Acount=\count117
\calc@Bcount=\count118
\calc@Adimen=\dimen151
\calc@Bdimen=\dimen152
\calc@Askip=\skip61
\calc@Bskip=\skip62
LaTeX Info: Redefining \setlength on input line 80.
LaTeX Info: Redefining \addtolength on input line 81.
\calc@Ccount=\count119
\calc@Cskip=\skip63
)
(/usr/local/texlive/2016/texmf-dist/tex/latex/mathtools/mhsetup.sty
Package: mhsetup 2010/01/21 v1.2a programming setup (MH)
)
(/usr/local/texlive/2016/texmf-dist/tex/latex/amsmath/amsmath.sty
Package: amsmath 2016/03/10 v2.15b AMS math features
\@mathmargin=\skip64

For additional information on amsmath, use the `?' option.
(/usr/local/texlive/2016/texmf-dist/tex/latex/amsmath/amstext.sty
Package: amstext 2000/06/29 v2.01 AMS text

(/usr/local/texlive/2016/texmf-dist/tex/latex/amsmath/amsgen.sty
File: amsgen.sty 1999/11/30 v2.0 generic functions
\@emptytoks=\toks25
\ex@=\dimen153
))
(/usr/local/texlive/2016/texmf-dist/tex/latex/amsmath/amsbsy.sty
Package: amsbsy 1999/11/29 v1.2d Bold Symbols
\pmbraise@=\dimen154
)
(/usr/local/texlive/2016/texmf-dist/tex/latex/amsmath/amsopn.sty
Package: amsopn 2016/03/08 v2.02 operator names
)
\inf@bad=\count120
LaTeX Info: Redefining \frac on input line 199.
\uproot@=\count121
\leftroot@=\count122
LaTeX Info: Redefining \overline on input line 297.
\classnum@=\count123
\DOTSCASE@=\count124
LaTeX Info: Redefining \ldots on input line 394.
LaTeX Info: Redefining \dots on input line 397.
LaTeX Info: Redefining \cdots on input line 518.
\Mathstrutbox@=\box32
\strutbox@=\box33
\big@size=\dimen155
LaTeX Font Info:    Redeclaring font encoding OML on input line 634.
LaTeX Font Info:    Redeclaring font encoding OMS on input line 635.
\macc@depth=\count125
\c@MaxMatrixCols=\count126
\dotsspace@=\muskip11
\c@parentequation=\count127
\dspbrk@lvl=\count128
\tag@help=\toks26
\row@=\count129
\column@=\count130
\maxfields@=\count131
\andhelp@=\toks27
\eqnshift@=\dimen156
\alignsep@=\dimen157
\tagshift@=\dimen158
\tagwidth@=\dimen159
\totwidth@=\dimen160
\lineht@=\dimen161
\@envbody=\toks28
\multlinegap=\skip65
\multlinetaggap=\skip66
\mathdisplay@stack=\toks29
LaTeX Info: Redefining \[ on input line 2739.
LaTeX Info: Redefining \] on input line 2740.
)
LaTeX Info: Thecontrolsequence`\('isalreadyrobust on input line 129.
LaTeX Info: Thecontrolsequence`\)'isalreadyrobust on input line 129.
LaTeX Info: Thecontrolsequence`\['isalreadyrobust on input line 129.
LaTeX Info: Thecontrolsequence`\]'isalreadyrobust on input line 129.
\g_MT_multlinerow_int=\count132
\l_MT_multwidth_dim=\dimen162
\origjot=\skip67
\l_MT_shortvdotswithinadjustabove_dim=\dimen163
\l_MT_shortvdotswithinadjustbelow_dim=\dimen164
\l_MT_above_intertext_sep=\dimen165
\l_MT_below_intertext_sep=\dimen166
\l_MT_above_shortintertext_sep=\dimen167
\l_MT_below_shortintertext_sep=\dimen168
)
(/usr/local/texlive/2016/texmf-dist/tex/latex/xifthen/xifthen.sty
Package: xifthen 2015/11/05 v1.4.0 Extended ifthen features

(/usr/local/texlive/2016/texmf-dist/tex/latex/ifmtarg/ifmtarg.sty
Package: ifmtarg 2009/09/02 v1.2a check for an empty argument
))
(/usr/local/texlive/2016/texmf-dist/tex/latex/etoolbox/etoolbox.sty
Package: etoolbox 2015/08/02 v2.2a e-TeX tools for LaTeX (JAW)
\etb@tempcnta=\count133
)
(/usr/local/texlive/2016/texmf-dist/tex/latex/l3packages/xparse/xparse.sty
(/usr/local/texlive/2016/texmf-dist/tex/latex/l3kernel/expl3.sty
Package: expl3 2016/05/18 v6512 L3 programming layer (loader) 

(/usr/local/texlive/2016/texmf-dist/tex/latex/l3kernel/expl3-code.tex
Package: expl3 2016/05/18 v6512 L3 programming layer (code)
L3 Module: l3bootstrap 2016/02/12 v6412 L3 Bootstrap code
L3 Module: l3names 2016/03/11 v6433 L3 Namespace for primitives
L3 Module: l3basics 2015/11/22 v6315 L3 Basic definitions
L3 Module: l3expan 2015/09/10 v5983 L3 Argument expansion
L3 Module: l3tl 2016/03/26 v6465 L3 Token lists
L3 Module: l3str 2016/03/24 v6441 L3 Strings
L3 Module: l3seq 2015/08/05 v5777 L3 Sequences and stacks
L3 Module: l3int 2016/03/24 v6441 L3 Integers
\c_max_int=\count134
\l_tmpa_int=\count135
\l_tmpb_int=\count136
\g_tmpa_int=\count137
\g_tmpb_int=\count138
L3 Module: l3quark 2015/08/17 v5855 L3 Quarks
L3 Module: l3prg 2015/11/01 v6216 L3 Control structures
\g__prg_map_int=\count139
L3 Module: l3clist 2015/09/02 v5901 L3 Comma separated lists
L3 Module: l3token 2016/04/03 v6470 L3 Experimental token manipulation
L3 Module: l3prop 2016/01/05 v6366 L3 Property lists
L3 Module: l3msg 2016/03/26 v6464 L3 Messages
L3 Module: l3file 2016/03/25 v6458 L3 File and I/O operations
\l_iow_line_count_int=\count140
\l__iow_target_count_int=\count141
\l__iow_current_line_int=\count142
\l__iow_current_word_int=\count143
\l__iow_current_indentation_int=\count144
L3 Module: l3skip 2016/01/05 v6366 L3 Dimensions and skips
\c_zero_dim=\dimen169
\c_max_dim=\dimen170
\l_tmpa_dim=\dimen171
\l_tmpb_dim=\dimen172
\g_tmpa_dim=\dimen173
\g_tmpb_dim=\dimen174
\c_zero_skip=\skip68
\c_max_skip=\skip69
\l_tmpa_skip=\skip70
\l_tmpb_skip=\skip71
\g_tmpa_skip=\skip72
\g_tmpb_skip=\skip73
\c_zero_muskip=\muskip12
\c_max_muskip=\muskip13
\l_tmpa_muskip=\muskip14
\l_tmpb_muskip=\muskip15
\g_tmpa_muskip=\muskip16
\g_tmpb_muskip=\muskip17
L3 Module: l3keys 2015/11/17 v6284 L3 Key-value interfaces
\g__keyval_level_int=\count145
\l_keys_choice_int=\count146
L3 Module: l3fp 2016/03/26 v6465 L3 Floating points
\c__fp_leading_shift_int=\count147
\c__fp_middle_shift_int=\count148
\c__fp_trailing_shift_int=\count149
\c__fp_big_leading_shift_int=\count150
\c__fp_big_middle_shift_int=\count151
\c__fp_big_trailing_shift_int=\count152
\c__fp_Bigg_leading_shift_int=\count153
\c__fp_Bigg_middle_shift_int=\count154
\c__fp_Bigg_trailing_shift_int=\count155
L3 Module: l3box 2015/08/09 v5822 L3 Experimental boxes
\c_empty_box=\box34
\l_tmpa_box=\box35
\l_tmpb_box=\box36
\g_tmpa_box=\box37
\g_tmpb_box=\box38
L3 Module: l3coffins 2016/05/17 v6508 L3 Coffin code layer
\l__coffin_internal_box=\box39
\l__coffin_internal_dim=\dimen175
\l__coffin_offset_x_dim=\dimen176
\l__coffin_offset_y_dim=\dimen177
\l__coffin_x_dim=\dimen178
\l__coffin_y_dim=\dimen179
\l__coffin_x_prime_dim=\dimen180
\l__coffin_y_prime_dim=\dimen181
\c_empty_coffin=\box40
\l__coffin_aligned_coffin=\box41
\l__coffin_aligned_internal_coffin=\box42
\l_tmpa_coffin=\box43
\l_tmpb_coffin=\box44
\l__coffin_display_coffin=\box45
\l__coffin_display_coord_coffin=\box46
\l__coffin_display_pole_coffin=\box47
\l__coffin_display_offset_dim=\dimen182
\l__coffin_display_x_dim=\dimen183
\l__coffin_display_y_dim=\dimen184
L3 Module: l3color 2014/08/23 v5354 L3 Experimental color support
L3 Module: l3sys 2015/09/25 v6087 L3 Experimental system/runtime functions
L3 Module: l3candidates 2016/05/13 v6484 L3 Experimental additions to l3kernel
\l__box_top_dim=\dimen185
\l__box_bottom_dim=\dimen186
\l__box_left_dim=\dimen187
\l__box_right_dim=\dimen188
\l__box_top_new_dim=\dimen189
\l__box_bottom_new_dim=\dimen190
\l__box_left_new_dim=\dimen191
\l__box_right_new_dim=\dimen192
\l__box_internal_box=\box48
\l__coffin_bounding_shift_dim=\dimen193
\l__coffin_left_corner_dim=\dimen194
\l__coffin_right_corner_dim=\dimen195
\l__coffin_bottom_corner_dim=\dimen196
\l__coffin_top_corner_dim=\dimen197
\l__coffin_scaled_total_height_dim=\dimen198
\l__coffin_scaled_width_dim=\dimen199
L3 Module: l3luatex 2016/03/26 v6465 L3 Experimental LuaTeX-specific functions
)
(/usr/local/texlive/2016/texmf-dist/tex/latex/l3kernel/l3pdfmode.def
File: l3pdfmode.def 2016/03/26 v6465 L3 Experimental driver: PDF mode
\l__driver_color_stack_int=\count156
\l__driver_tmp_box=\box49
))
Package: xparse 2016/05/18 v6512 L3 Experimental document command parser
\l__xparse_current_arg_int=\count157
\l__xparse_m_args_int=\count158
\l__xparse_mandatory_args_int=\count159
\l__xparse_processor_int=\count160
\l__xparse_v_nesting_int=\count161
)
\widthInit=\skip74
.................................................
. LaTeX info: "xparse/define-command"
. 
. Defining command \bodyconst with sig. 'm G{}' on line 125.
.................................................
.................................................
. LaTeX info: "xparse/define-command"
. 
. Defining command \bodyconstRight with sig. 'm G{} G{}' on line 158.
.................................................
.................................................
. LaTeX info: "xparse/define-command"
. 
. Defining command \bodyconstOneAlign with sig. 'm G{} G{}' on line 172.
.................................................
.................................................
. LaTeX info: "xparse/define-command"
. 
. Defining command \bodyconstOneAlignBelow with sig. 'm G{} G{}' on line 187.
.................................................
.................................................
. LaTeX info: "xparse/define-command"
. 
. Defining command \bodyconstBelow with sig. 'm G{} G{}' on line 213.
.................................................
.................................................
. LaTeX info: "xparse/define-command"
. 
. Defining command \bodyconstBelowMult with sig. 'm G{} G{}' on line 239.
.................................................
.................................................
. LaTeX info: "xparse/define-command"
. 
. Defining command \bodyconstOneAlignBelowMult with sig. 'm G{} G{}' on line
. 254.
.................................................
.................................................
. LaTeX info: "xparse/define-command"
. 
. Defining command \addConstraint with sig. 'm G{} G{}' on line 299.
.................................................
.................................................
. LaTeX info: "xparse/define-command"
. 
. Defining command \standardAddConstraint with sig. 'm G{} G{}' on line 329.
.................................................
.................................................
. LaTeX info: "xparse/define-command"
. 
. Defining command \BelowAddConstraint with sig. 'm G{} G{}' on line 354.
.................................................
.................................................
. LaTeX info: "xparse/define-command"
. 
. Defining command \oneAlignAddConstraint with sig. 'm G{} G{}' on line 370.
.................................................
.................................................
. LaTeX info: "xparse/define-command"
. 
. Defining command \oneAlignBelowAddConstraint with sig. 'm G{} G{}' on line
. 386.
.................................................
.................................................
. LaTeX info: "xparse/define-command"
. 
. Defining command \BelowAddConstraintMult with sig. 'm G{} G{}' on line 410.
.................................................
.................................................
. LaTeX info: "xparse/define-command"
. 
. Defining command \oneAlignBelowAddConstraintMult with sig. 'm G{} G{}' on
. line 426.
.................................................
.................................................
. LaTeX info: "xparse/define-environment"
. 
. Defining environment 'mini' with sig. 'D||{\defaultProblemFormat } O{0} m m
. m m' on line 548.
.................................................
.................................................
. LaTeX info: "xparse/define-environment"
. 
. Defining environment 'argmini' with sig. 'D||{\defaultProblemFormat } O{0} m
. m m m' on line 556.
.................................................
.................................................
. LaTeX info: "xparse/define-environment"
. 
. Defining environment 'mini*' with sig. 'D||{\defaultProblemFormat } O{0} m m
. m m' on line 566.
.................................................
.................................................
. LaTeX info: "xparse/define-environment"
. 
. Defining environment 'argmini*' with sig. 'D||{l} O{0} m m m m' on line 574.
.................................................
.................................................
. LaTeX info: "xparse/define-environment"
. 
. Defining environment 'mini!' with sig. 'D||{\defaultProblemFormat } O{0} m m
. m m' on line 584.
.................................................
.................................................
. LaTeX info: "xparse/define-environment"
. 
. Defining environment 'argmini!' with sig. 'D||{\defaultProblemFormat } O{0}
. m m m m' on line 592.
.................................................
.................................................
. LaTeX info: "xparse/define-environment"
. 
. Defining environment 'maxi' with sig. 'D||{\defaultProblemFormat } O{0} m m
. m m' on line 606.
.................................................
.................................................
. LaTeX info: "xparse/define-environment"
. 
. Defining environment 'argmaxi' with sig. 'D||{\defaultProblemFormat } O{0} m
. m m m' on line 614.
.................................................
.................................................
. LaTeX info: "xparse/define-environment"
. 
. Defining environment 'maxi*' with sig. 'D||{\defaultProblemFormat } O{0} m m
. m m' on line 624.
.................................................
.................................................
. LaTeX info: "xparse/define-environment"
. 
. Defining environment 'argmaxi*' with sig. 'D||{l} O{0} m m m m' on line 632.
.................................................
.................................................
. LaTeX info: "xparse/define-environment"
. 
. Defining environment 'maxi!' with sig. 'D||{\defaultProblemFormat } O{0} m m
. m m' on line 642.
.................................................
.................................................
. LaTeX info: "xparse/define-environment"
. 
. Defining environment 'argmaxi!' with sig. 'D||{\defaultProblemFormat } O{0}
. m m m m' on line 650.
.................................................
)
(/usr/local/texlive/2016/texmf-dist/tex/latex/amsfonts/amssymb.sty
Package: amssymb 2013/01/14 v3.01 AMS font symbols

(/usr/local/texlive/2016/texmf-dist/tex/latex/amsfonts/amsfonts.sty
Package: amsfonts 2013/01/14 v3.01 Basic AMSFonts support
\symAMSa=\mathgroup4
\symAMSb=\mathgroup5
LaTeX Font Info:    Overwriting math alphabet `\mathfrak' in version `bold'
(Font)                  U/euf/m/n --> U/euf/b/n on input line 106.
))
(/usr/local/texlive/2016/texmf-dist/tex/latex/amscls/amsthm.sty
Package: amsthm 2015/03/04 v2.20.2
\thm@style=\toks30
\thm@bodyfont=\toks31
\thm@headfont=\toks32
\thm@notefont=\toks33
\thm@headpunct=\toks34
\thm@preskip=\skip75
\thm@postskip=\skip76
\thm@headsep=\skip77
\dth@everypar=\toks35
)
(/usr/local/texlive/2016/texmf-dist/tex/latex/tools/bm.sty
Package: bm 2016/02/27 v1.2a Bold Symbol Support (DPC/FMi)
\symboldoperators=\mathgroup6
\symboldletters=\mathgroup7
\symboldsymbols=\mathgroup8
LaTeX Font Info:    Redeclaring math alphabet \mathbf on input line 142.
LaTeX Info: Redefining \bm on input line 208.
)
(/usr/local/texlive/2016/texmf-dist/tex/latex/cases/cases.sty
Package: cases 2002/05/02 ver 2.5 
)
(/usr/local/texlive/2016/texmf-dist/tex/latex/commath/commath.sty)
\c@myax=\count162
\c@mydef=\count163
\c@myth=\count164

(/usr/local/texlive/2016/texmf-dist/tex/latex/algorithms/algorithm.sty
Package: algorithm 2009/08/24 v0.1 Document Style `algorithm' - floating enviro
nment
\@float@every@algorithm=\toks36
\c@algorithm=\count165
)
(/usr/local/texlive/2016/texmf-dist/tex/latex/algorithmicx/algpseudocode.sty
Package: algpseudocode 

(/usr/local/texlive/2016/texmf-dist/tex/latex/algorithmicx/algorithmicx.sty
Package: algorithmicx 2005/04/27 v1.2 Algorithmicx

Document Style algorithmicx 1.2 - a greatly improved `algorithmic' style
\c@ALG@line=\count166
\c@ALG@rem=\count167
\c@ALG@nested=\count168
\ALG@tlm=\skip78
\ALG@thistlm=\skip79
\c@ALG@Lnr=\count169
\c@ALG@blocknr=\count170
\c@ALG@storecount=\count171
\c@ALG@tmpcounter=\count172
\ALG@tmplength=\skip80
)
Document Style - pseudocode environments for use with the `algorithmicx' style
) (/usr/local/texlive/2016/texmf-dist/tex/latex/bbm-macros/bbm.sty
Package: bbm 1999/03/15 V 1.2 provides fonts for set symbols - TH
LaTeX Font Info:    Overwriting math alphabet `\mathbbm' in version `bold'
(Font)                  U/bbm/m/n --> U/bbm/bx/n on input line 33.
LaTeX Font Info:    Overwriting math alphabet `\mathbbmss' in version `bold'
(Font)                  U/bbmss/m/n --> U/bbmss/bx/n on input line 35.
)
\c@question=\count173
\c@subq=\count174

(./Thesis_project_PGMelkert_0893899.aux

LaTeX Warning: Label `tab:kupiec_test_norm_tranquil_table' multiply defined.

)
\openout1 = `Thesis_project_PGMelkert_0893899.aux'.

LaTeX Font Info:    Checking defaults for OML/cmm/m/it on input line 67.
LaTeX Font Info:    ... okay on input line 67.
LaTeX Font Info:    Checking defaults for T1/cmr/m/n on input line 67.
LaTeX Font Info:    ... okay on input line 67.
LaTeX Font Info:    Checking defaults for OT1/cmr/m/n on input line 67.
LaTeX Font Info:    ... okay on input line 67.
LaTeX Font Info:    Checking defaults for OMS/cmsy/m/n on input line 67.
LaTeX Font Info:    ... okay on input line 67.
LaTeX Font Info:    Checking defaults for OMX/cmex/m/n on input line 67.
LaTeX Font Info:    ... okay on input line 67.
LaTeX Font Info:    Checking defaults for U/cmr/m/n on input line 67.
LaTeX Font Info:    ... okay on input line 67.
LaTeX Font Info:    Checking defaults for PD1/pdf/m/n on input line 67.
LaTeX Font Info:    ... okay on input line 67.

*geometry* driver: auto-detecting
*geometry* detected driver: pdftex
*geometry* verbose mode - [ preamble ] result:
* driver: pdftex
* paper: <default>
* layout: <same size as paper>
* layoutoffset:(h,v)=(0.0pt,0.0pt)
* modes: includefoot 
* h-part:(L,W,R)=(72.26997pt, 469.75505pt, 72.26997pt)
* v-part:(T,H,B)=(72.26997pt, 650.43004pt, 72.26997pt)
* \paperwidth=614.295pt
* \paperheight=794.96999pt
* \textwidth=469.75505pt
* \textheight=620.43004pt
* \oddsidemargin=-0.00002pt
* \evensidemargin=-0.00002pt
* \topmargin=-37.00002pt
* \headheight=12.0pt
* \headsep=25.0pt
* \topskip=11.0pt
* \footskip=30.0pt
* \marginparwidth=59.0pt
* \marginparsep=10.0pt
* \columnsep=10.0pt
* \skip\footins=10.0pt plus 4.0pt minus 2.0pt
* \hoffset=0.0pt
* \voffset=0.0pt
* \mag=1000
* \@twocolumnfalse
* \@twosidefalse
* \@mparswitchfalse
* \@reversemarginfalse
* (1in=72.27pt=25.4mm, 1cm=28.453pt)

\AtBeginShipoutBox=\box50
Package hyperref Info: Link coloring ON on input line 67.
(/usr/local/texlive/2016/texmf-dist/tex/latex/hyperref/nameref.sty
Package: nameref 2012/10/27 v2.43 Cross-referencing by name of section

(/usr/local/texlive/2016/texmf-dist/tex/generic/oberdiek/gettitlestring.sty
Package: gettitlestring 2016/05/16 v1.5 Cleanup title references (HO)
)
\c@section@level=\count175
)
LaTeX Info: Redefining \ref on input line 67.
LaTeX Info: Redefining \pageref on input line 67.
LaTeX Info: Redefining \nameref on input line 67.

(./Thesis_project_PGMelkert_0893899.out)
(./Thesis_project_PGMelkert_0893899.out)
\@outlinefile=\write3
\openout3 = `Thesis_project_PGMelkert_0893899.out'.

 ABD: EveryShipout initializing macros
(/usr/local/texlive/2016/texmf-dist/tex/context/base/mkii/supp-pdf.mkii
[Loading MPS to PDF converter (version 2006.09.02).]
\scratchcounter=\count176
\scratchdimen=\dimen256
\scratchbox=\box51
\nofMPsegments=\count177
\nofMParguments=\count178
\everyMPshowfont=\toks37
\MPscratchCnt=\count179
\MPscratchDim=\dimen257
\MPnumerator=\count180
\makeMPintoPDFobject=\count181
\everyMPtoPDFconversion=\toks38
) (/usr/local/texlive/2016/texmf-dist/tex/latex/oberdiek/epstopdf-base.sty
Package: epstopdf-base 2016/05/15 v2.6 Base part for package epstopdf

(/usr/local/texlive/2016/texmf-dist/tex/latex/oberdiek/grfext.sty
Package: grfext 2016/05/16 v1.2 Manage graphics extensions (HO)
)
Package grfext Info: Graphics extension search list:
(grfext)             [.png,.pdf,.jpg,.mps,.jpeg,.jbig2,.jb2,.PNG,.PDF,.JPG,.JPE
G,.JBIG2,.JB2,.eps]
(grfext)             \AppendGraphicsExtensions on input line 456.

(/usr/local/texlive/2016/texmf-dist/tex/latex/latexconfig/epstopdf-sys.cfg
File: epstopdf-sys.cfg 2010/07/13 v1.3 Configuration of (r)epstopdf for TeX Liv
e
))
Package caption Info: Begin \AtBeginDocument code.
Package caption Info: float package is loaded.
Package caption Info: rotating package is loaded.
Package caption Info: End \AtBeginDocument code.
\backupparindent=\skip81

Underfull \hbox (badness 10000) in paragraph at lines 114--116

 []

[1

{/usr/local/texlive/2016/texmf-var/fonts/map/pdftex/updmap/pdftex.map}]
[1

] [1] [2

] (./Thesis_project_PGMelkert_0893899.toc
LaTeX Font Info:    Try loading font information for U+msa on input line 2.

(/usr/local/texlive/2016/texmf-dist/tex/latex/amsfonts/umsa.fd
File: umsa.fd 2013/01/14 v3.01 AMS symbols A
)
LaTeX Font Info:    Try loading font information for U+msb on input line 2.

(/usr/local/texlive/2016/texmf-dist/tex/latex/amsfonts/umsb.fd
File: umsb.fd 2013/01/14 v3.01 AMS symbols B
) [3


])
\tf@toc=\write4
\openout4 = `Thesis_project_PGMelkert_0893899.toc'.

 [4]
(./Thesis_project_PGMelkert_0893899.lof)
\tf@lof=\write5
\openout5 = `Thesis_project_PGMelkert_0893899.lof'.

 [5


] [6]
(./Thesis_project_PGMelkert_0893899.lot)
\tf@lot=\write6
\openout6 = `Thesis_project_PGMelkert_0893899.lot'.

 [7


] [8

]
Chapter 1.

Underfull \hbox (badness 10000) in paragraph at lines 242--243

 []


Underfull \hbox (badness 10000) in paragraph at lines 248--250

 []


Underfull \hbox (badness 10000) in paragraph at lines 255--257

 []

pdfTeX warning (ext4): destination with the same identifier (name{page.1}) has 
been already used, duplicate ignored
<to be read again> 
                   \relax 
l.262 \noindent
                [1


]
Underfull \hbox (badness 10000) in paragraph at lines 262--264

 []


Underfull \hbox (badness 10000) in paragraph at lines 265--267

 []


Underfull \hbox (badness 10000) in paragraph at lines 269--271

 []


Underfull \hbox (badness 10000) in paragraph at lines 272--274

 []

[2]
Underfull \hbox (badness 10000) in paragraph at lines 275--277

 []


Underfull \hbox (badness 10000) in paragraph at lines 278--280

 []


Underfull \hbox (badness 10000) in paragraph at lines 318--320

 []

[3]
Underfull \hbox (badness 10000) in paragraph at lines 323--324

 []


Underfull \hbox (badness 10000) in paragraph at lines 341--342

 []


Underfull \hbox (badness 10000) in paragraph at lines 343--345

 []

[4]
Underfull \hbox (badness 10000) in paragraph at lines 346--348

 []


Underfull \hbox (badness 10000) in paragraph at lines 349--351

 []

[5] [6]
Chapter 2.

Underfull \hbox (badness 10000) in paragraph at lines 363--364

 []


Underfull \hbox (badness 10000) in paragraph at lines 365--367

 []

[7

]
Underfull \hbox (badness 10000) in paragraph at lines 375--377

 []


Underfull \hbox (badness 10000) in paragraph at lines 388--390

 []

[8]
Underfull \hbox (badness 10000) in paragraph at lines 399--401

 []


Underfull \hbox (badness 10000) in paragraph at lines 414--416

 []

[9]
Underfull \hbox (badness 10000) in paragraph at lines 431--433

 []


Underfull \hbox (badness 10000) in paragraph at lines 442--444

 []


Underfull \hbox (badness 10000) in paragraph at lines 445--447

 []


Underfull \hbox (badness 10000) in paragraph at lines 449--451

 []

[10]
Underfull \hbox (badness 10000) in paragraph at lines 464--466

 []


Package hyperref Warning: Token not allowed in a PDF string (PDFDocEncoding):
(hyperref)                removing `math shift' on input line 491.


Package hyperref Warning: Token not allowed in a PDF string (PDFDocEncoding):
(hyperref)                removing `\tau' on input line 491.


Package hyperref Warning: Token not allowed in a PDF string (PDFDocEncoding):
(hyperref)                removing `math shift' on input line 491.


Underfull \hbox (badness 10000) in paragraph at lines 498--500

 []


Underfull \hbox (badness 10000) in paragraph at lines 501--503

 []

[11]
Underfull \hbox (badness 10000) in paragraph at lines 504--506

 []


Underfull \hbox (badness 10000) in paragraph at lines 511--512

 []


Underfull \hbox (badness 10000) in paragraph at lines 513--515

 []


Underfull \hbox (badness 10000) in paragraph at lines 523--525

 []

[12]
Underfull \hbox (badness 10000) in paragraph at lines 526--528

 []

Package hyperref Info: bookmark level for unknown algorithm defaults to 0 on in
put line 555.

Underfull \hbox (badness 10000) in paragraph at lines 560--561

 []


Underfull \hbox (badness 10000) in paragraph at lines 564--566

 []

[13]
Underfull \hbox (badness 10000) in paragraph at lines 568--570

 []


Underfull \hbox (badness 10000) in paragraph at lines 571--573

 []


Underfull \hbox (badness 10000) in paragraph at lines 584--585

 []


Underfull \hbox (badness 10000) in paragraph at lines 586--588

 []

[14]
Underfull \hbox (badness 10000) in paragraph at lines 611--612

 []

[15]
Underfull \hbox (badness 10000) in paragraph at lines 613--615

 []

[16]
Underfull \hbox (badness 10000) in paragraph at lines 723--724

 []

[17]
Underfull \hbox (badness 10000) in paragraph at lines 740--742

 []


Underfull \hbox (badness 10000) in paragraph at lines 743--745

 []


Underfull \hbox (badness 10000) in paragraph at lines 754--756

 []


Underfull \hbox (badness 10000) in paragraph at lines 757--759

 []

[18]
Underfull \hbox (badness 10000) in paragraph at lines 776--778

 []


Underfull \hbox (badness 10000) in paragraph at lines 779--781

 []


Underfull \hbox (badness 10000) in paragraph at lines 792--793

 []

[19]
Underfull \hbox (badness 10000) in paragraph at lines 794--796

 []


Underfull \hbox (badness 10000) in paragraph at lines 811--813

 []

[20]
Chapter 3.

Underfull \hbox (badness 10000) in paragraph at lines 829--830

 []


<figures/simulation_assetpaths_with_stochastic_correlations.png, id=804, 828.21
42pt x 352.6776pt>
File: figures/simulation_assetpaths_with_stochastic_correlations.png Graphic fi
le (type png)

<use figures/simulation_assetpaths_with_stochastic_correlations.png>
Package pdftex.def Info: figures/simulation_assetpaths_with_stochastic_correlat
ions.png used on input line 848.
(pdftex.def)             Requested size: 496.93236pt x 211.60818pt.

Overfull \hbox (27.1773pt too wide) in paragraph at lines 848--849
 [][] 
 []

[21

]
Underfull \hbox (badness 10000) in paragraph at lines 853--855

 []


Underfull \hbox (badness 10000) in paragraph at lines 860--861

 []

[22 <./figures/simulation_assetpaths_with_stochastic_correlations.png>]
<figures/mse_pearson_kendall.png, id=826, 462.528pt x 346.896pt>
File: figures/mse_pearson_kendall.png Graphic file (type png)

<use figures/mse_pearson_kendall.png>
Package pdftex.def Info: figures/mse_pearson_kendall.png used on input line 870
.
(pdftex.def)             Requested size: 230.18254pt x 172.63771pt.

<figures/det_pearson_kendall.png, id=827, 462.528pt x 346.896pt>
File: figures/det_pearson_kendall.png Graphic file (type png)

<use figures/det_pearson_kendall.png>
Package pdftex.def Info: figures/det_pearson_kendall.png used on input line 876
.
(pdftex.def)             Requested size: 230.18254pt x 172.63771pt.

<figures/pearson_21_estimates_bootstrap.png, id=834, 462.528pt x 346.896pt>
File: figures/pearson_21_estimates_bootstrap.png Graphic file (type png)

<use figures/pearson_21_estimates_bootstrap.png>
Package pdftex.def Info: figures/pearson_21_estimates_bootstrap.png used on inp
ut line 895.
(pdftex.def)             Requested size: 230.18254pt x 172.63771pt.

<figures/kendall_21_estimates_bootstrap.png, id=835, 462.528pt x 346.896pt>
File: figures/kendall_21_estimates_bootstrap.png Graphic file (type png)

<use figures/kendall_21_estimates_bootstrap.png>
Package pdftex.def Info: figures/kendall_21_estimates_bootstrap.png used on inp
ut line 902.
(pdftex.def)             Requested size: 230.18254pt x 172.63771pt.

<figures/decom_mse_pearson.png, id=836, 462.528pt x 346.896pt>
File: figures/decom_mse_pearson.png Graphic file (type png)

<use figures/decom_mse_pearson.png>
Package pdftex.def Info: figures/decom_mse_pearson.png used on input line 909.
(pdftex.def)             Requested size: 230.18254pt x 172.63771pt.

<figures/decom_mse_kendall.png, id=837, 462.528pt x 346.896pt>
File: figures/decom_mse_kendall.png Graphic file (type png)

<use figures/decom_mse_kendall.png>
Package pdftex.def Info: figures/decom_mse_kendall.png used on input line 916.
(pdftex.def)             Requested size: 230.18254pt x 172.63771pt.
 [23 <./figures/mse_pearson_kendall.png> <./figures/det_pearson_kendall.png>]
Underfull \hbox (badness 10000) in paragraph at lines 924--926

 []


Underfull \hbox (badness 10000) in paragraph at lines 929--930

 []

[24 <./figures/pearson_21_estimates_bootstrap.png> <./figures/kendall_21_estima
tes_bootstrap.png> <./figures/decom_mse_pearson.png> <./figures/decom_mse_kenda
ll.png>]
<figures/mse_knn5_pearson_kendall_true.png, id=859, 462.528pt x 346.896pt>
File: figures/mse_knn5_pearson_kendall_true.png Graphic file (type png)

<use figures/mse_knn5_pearson_kendall_true.png>
Package pdftex.def Info: figures/mse_knn5_pearson_kendall_true.png used on inpu
t line 940.
(pdftex.def)             Requested size: 230.18254pt x 172.63771pt.

<figures/det_knn5_pearson_kendall_true.png, id=860, 462.528pt x 346.896pt>
File: figures/det_knn5_pearson_kendall_true.png Graphic file (type png)

<use figures/det_knn5_pearson_kendall_true.png>
Package pdftex.def Info: figures/det_knn5_pearson_kendall_true.png used on inpu
t line 947.
(pdftex.def)             Requested size: 230.18254pt x 172.63771pt.

Underfull \hbox (badness 10000) in paragraph at lines 956--958

 []

[25 <./figures/mse_knn5_pearson_kendall_true.png> <./figures/det_knn5_pearson_k
endall_true.png>]
<figures/knn_pearson_21_estimates_bootstrap_true.png, id=871, 462.528pt x 346.8
96pt>
File: figures/knn_pearson_21_estimates_bootstrap_true.png Graphic file (type pn
g)
 <use figures/knn_pearson_21_estimates_bootstrap_true.png>
Package pdftex.def Info: figures/knn_pearson_21_estimates_bootstrap_true.png us
ed on input line 963.
(pdftex.def)             Requested size: 230.18254pt x 172.63771pt.

<figures/knn_kendall_21_estimates_bootstrap_true.png, id=872, 462.528pt x 346.8
96pt>
File: figures/knn_kendall_21_estimates_bootstrap_true.png Graphic file (type pn
g)
 <use figures/knn_kendall_21_estimates_bootstrap_true.png>
Package pdftex.def Info: figures/knn_kendall_21_estimates_bootstrap_true.png us
ed on input line 970.
(pdftex.def)             Requested size: 230.18254pt x 172.63771pt.

<figures/decom_mse_knn5_pearson_true.png, id=873, 462.528pt x 346.896pt>
File: figures/decom_mse_knn5_pearson_true.png Graphic file (type png)

<use figures/decom_mse_knn5_pearson_true.png>
Package pdftex.def Info: figures/decom_mse_knn5_pearson_true.png used on input 
line 977.
(pdftex.def)             Requested size: 230.18254pt x 172.63771pt.

<figures/decom_mse_knn5_kendall_true.png, id=874, 462.528pt x 346.896pt>
File: figures/decom_mse_knn5_kendall_true.png Graphic file (type png)

<use figures/decom_mse_knn5_kendall_true.png>
Package pdftex.def Info: figures/decom_mse_knn5_kendall_true.png used on input 
line 984.
(pdftex.def)             Requested size: 230.18254pt x 172.63771pt.
 [26 <./figures/knn_pearson_21_estimates_bootstrap_true.png> <./figures/knn_ken
dall_21_estimates_bootstrap_true.png> <./figures/decom_mse_knn5_pearson_true.pn
g> <./figures/decom_mse_knn5_kendall_true.png>]
Underfull \hbox (badness 10000) in paragraph at lines 996--997

 []

[27]
<figures/sens_analysis_mse_knn_pearson_true.png, id=901, 462.528pt x 346.896pt>
File: figures/sens_analysis_mse_knn_pearson_true.png Graphic file (type png)
<use figures/sens_analysis_mse_knn_pearson_true.png>
Package pdftex.def Info: figures/sens_analysis_mse_knn_pearson_true.png used on
 input line 1071.
(pdftex.def)             Requested size: 230.18254pt x 172.63771pt.

<figures/sens_analysis_mse_knn_kendall_true.png, id=902, 462.528pt x 346.896pt>
File: figures/sens_analysis_mse_knn_kendall_true.png Graphic file (type png)
<use figures/sens_analysis_mse_knn_kendall_true.png>
Package pdftex.def Info: figures/sens_analysis_mse_knn_kendall_true.png used on
 input line 1078.
(pdftex.def)             Requested size: 230.18254pt x 172.63771pt.

Underfull \hbox (badness 10000) in paragraph at lines 1086--1088

 []


Underfull \hbox (badness 10000) in paragraph at lines 1089--1091

 []

[28 <./figures/sens_analysis_mse_knn_pearson_true.png> <./figures/sens_analysis
_mse_knn_kendall_true.png>]
<figures/knn_pearson_21_len_train_estimates_bootstrap_true.png, id=918, 462.528
pt x 346.896pt>
File: figures/knn_pearson_21_len_train_estimates_bootstrap_true.png Graphic fil
e (type png)

<use figures/knn_pearson_21_len_train_estimates_bootstrap_true.png>
Package pdftex.def Info: figures/knn_pearson_21_len_train_estimates_bootstrap_t
rue.png used on input line 1096.
(pdftex.def)             Requested size: 230.18254pt x 172.63771pt.

<figures/knn_pearson_21_IDW_estimates_bootstrap_true.png, id=919, 462.528pt x 3
46.896pt>
File: figures/knn_pearson_21_IDW_estimates_bootstrap_true.png Graphic file (typ
e png)
 <use figures/knn_pearson_21_IDW_estimates_bootstrap_true.png>
Package pdftex.def Info: figures/knn_pearson_21_IDW_estimates_bootstrap_true.pn
g used on input line 1103.
(pdftex.def)             Requested size: 230.18254pt x 172.63771pt.

<figures/decom_mse_knn_len_train_pearson_true.png, id=920, 462.528pt x 346.896p
t>
File: figures/decom_mse_knn_len_train_pearson_true.png Graphic file (type png)
 <use figures/decom_mse_knn_len_train_pearson_true.png>
Package pdftex.def Info: figures/decom_mse_knn_len_train_pearson_true.png used 
on input line 1110.
(pdftex.def)             Requested size: 230.18254pt x 172.63771pt.

<figures/decom_mse_knn_IDW_pearson_true.png, id=921, 462.528pt x 346.896pt>
File: figures/decom_mse_knn_IDW_pearson_true.png Graphic file (type png)

<use figures/decom_mse_knn_IDW_pearson_true.png>
Package pdftex.def Info: figures/decom_mse_knn_IDW_pearson_true.png used on inp
ut line 1117.
(pdftex.def)             Requested size: 230.18254pt x 172.63771pt.

Underfull \hbox (badness 10000) in paragraph at lines 1125--1127

 []

[29 <./figures/knn_pearson_21_len_train_estimates_bootstrap_true.png> <./figure
s/knn_pearson_21_IDW_estimates_bootstrap_true.png> <./figures/decom_mse_knn_len
_train_pearson_true.png> <./figures/decom_mse_knn_IDW_pearson_true.png>]
Underfull \hbox (badness 10000) in paragraph at lines 1128--1130

 []


Underfull \hbox (badness 10000) in paragraph at lines 1131--1133

 []


<figures/mse_knn5_idw_pearson_kendall_true.png, id=938, 462.528pt x 346.896pt>
File: figures/mse_knn5_idw_pearson_kendall_true.png Graphic file (type png)

<use figures/mse_knn5_idw_pearson_kendall_true.png>
Package pdftex.def Info: figures/mse_knn5_idw_pearson_kendall_true.png used on 
input line 1139.
(pdftex.def)             Requested size: 230.18254pt x 172.63771pt.

<figures/det_knn_IDW_pearson_kendall_true.png, id=939, 462.528pt x 346.896pt>
File: figures/det_knn_IDW_pearson_kendall_true.png Graphic file (type png)

<use figures/det_knn_IDW_pearson_kendall_true.png>
Package pdftex.def Info: figures/det_knn_IDW_pearson_kendall_true.png used on i
nput line 1146.
(pdftex.def)             Requested size: 230.18254pt x 172.63771pt.
 [30]
<figures/mse_rf10_pearson_kendall_true.png, id=947, 462.528pt x 346.896pt>
File: figures/mse_rf10_pearson_kendall_true.png Graphic file (type png)

<use figures/mse_rf10_pearson_kendall_true.png>
Package pdftex.def Info: figures/mse_rf10_pearson_kendall_true.png used on inpu
t line 1163.
(pdftex.def)             Requested size: 230.18254pt x 172.63771pt.

<figures/det_rf10_pearson_kendall_true.png, id=948, 462.528pt x 346.896pt>
File: figures/det_rf10_pearson_kendall_true.png Graphic file (type png)

<use figures/det_rf10_pearson_kendall_true.png>
Package pdftex.def Info: figures/det_rf10_pearson_kendall_true.png used on inpu
t line 1170.
(pdftex.def)             Requested size: 230.18254pt x 172.63771pt.
 [31 <./figures/mse_knn5_idw_pearson_kendall_true.png> <./figures/det_knn_IDW_p
earson_kendall_true.png>]
Underfull \hbox (badness 10000) in paragraph at lines 1178--1180

 []


<figures/rf_pearson_21_estimates_bootstrap_true.png, id=962, 462.528pt x 346.89
6pt>
File: figures/rf_pearson_21_estimates_bootstrap_true.png Graphic file (type png
)
 <use figures/rf_pearson_21_estimates_bootstrap_true.png>
Package pdftex.def Info: figures/rf_pearson_21_estimates_bootstrap_true.png use
d on input line 1189.
(pdftex.def)             Requested size: 230.18254pt x 172.63771pt.

<figures/rf_kendall_21_estimates_bootstrap_true.png, id=963, 462.528pt x 346.89
6pt>
File: figures/rf_kendall_21_estimates_bootstrap_true.png Graphic file (type png
)
 <use figures/rf_kendall_21_estimates_bootstrap_true.png>
Package pdftex.def Info: figures/rf_kendall_21_estimates_bootstrap_true.png use
d on input line 1196.
(pdftex.def)             Requested size: 230.18254pt x 172.63771pt.

<figures/decom_mse_rf10_pearson_true.png, id=964, 462.528pt x 346.896pt>
File: figures/decom_mse_rf10_pearson_true.png Graphic file (type png)

<use figures/decom_mse_rf10_pearson_true.png>
Package pdftex.def Info: figures/decom_mse_rf10_pearson_true.png used on input 
line 1203.
(pdftex.def)             Requested size: 230.18254pt x 172.63771pt.

<figures/decom_mse_rf10_kendall_true.png, id=965, 462.528pt x 346.896pt>
File: figures/decom_mse_rf10_kendall_true.png Graphic file (type png)

<use figures/decom_mse_rf10_kendall_true.png>
Package pdftex.def Info: figures/decom_mse_rf10_kendall_true.png used on input 
line 1210.
(pdftex.def)             Requested size: 230.18254pt x 172.63771pt.
 [32 <./figures/mse_rf10_pearson_kendall_true.png> <./figures/det_rf10_pearson_
kendall_true.png>]
Underfull \hbox (badness 10000) in paragraph at lines 1219--1220

 []

[33 <./figures/rf_pearson_21_estimates_bootstrap_true.png> <./figures/rf_kendal
l_21_estimates_bootstrap_true.png> <./figures/decom_mse_rf10_pearson_true.png> 
<./figures/decom_mse_rf10_kendall_true.png>]
Underfull \hbox (badness 10000) in paragraph at lines 1221--1223

 []


Underfull \hbox (badness 10000) in paragraph at lines 1277--1279

 []


<figures/mse_rf10_pearson_kendall_comp_true.png, id=990, 462.528pt x 346.896pt>
File: figures/mse_rf10_pearson_kendall_comp_true.png Graphic file (type png)
<use figures/mse_rf10_pearson_kendall_comp_true.png>
Package pdftex.def Info: figures/mse_rf10_pearson_kendall_comp_true.png used on
 input line 1285.
(pdftex.def)             Requested size: 230.18254pt x 172.63771pt.
 [34]
Underfull \hbox (badness 10000) in paragraph at lines 1301--1302

 []

[35 <./figures/mse_rf10_pearson_kendall_comp_true.png>]
<figures/mse_knn5_pearson_kendall_proxy.png, id=1008, 462.528pt x 346.896pt>
File: figures/mse_knn5_pearson_kendall_proxy.png Graphic file (type png)

<use figures/mse_knn5_pearson_kendall_proxy.png>
Package pdftex.def Info: figures/mse_knn5_pearson_kendall_proxy.png used on inp
ut line 1311.
(pdftex.def)             Requested size: 230.18254pt x 172.63771pt.

<figures/det_knn5_pearson_kendall_proxy.png, id=1009, 462.528pt x 346.896pt>
File: figures/det_knn5_pearson_kendall_proxy.png Graphic file (type png)

<use figures/det_knn5_pearson_kendall_proxy.png>
Package pdftex.def Info: figures/det_knn5_pearson_kendall_proxy.png used on inp
ut line 1318.
(pdftex.def)             Requested size: 230.18254pt x 172.63771pt.

Underfull \hbox (badness 10000) in paragraph at lines 1326--1329

 []

[36 <./figures/mse_knn5_pearson_kendall_proxy.png> <./figures/det_knn5_pearson_
kendall_proxy.png>]
<figures/knn_pearson_21_estimates_bootstrap_proxy.png, id=1030, 462.528pt x 346
.896pt>
File: figures/knn_pearson_21_estimates_bootstrap_proxy.png Graphic file (type p
ng)
 <use figures/knn_pearson_21_estimates_bootstrap_proxy.png>
Package pdftex.def Info: figures/knn_pearson_21_estimates_bootstrap_proxy.png u
sed on input line 1339.
(pdftex.def)             Requested size: 230.18254pt x 172.63771pt.

<figures/knn_kendall_21_estimates_bootstrap_proxy.png, id=1031, 462.528pt x 346
.896pt>
File: figures/knn_kendall_21_estimates_bootstrap_proxy.png Graphic file (type p
ng)
 <use figures/knn_kendall_21_estimates_bootstrap_proxy.png>
Package pdftex.def Info: figures/knn_kendall_21_estimates_bootstrap_proxy.png u
sed on input line 1346.
(pdftex.def)             Requested size: 230.18254pt x 172.63771pt.

<figures/decom_mse_knn_pearson_proxy.png, id=1032, 462.528pt x 346.896pt>
File: figures/decom_mse_knn_pearson_proxy.png Graphic file (type png)

<use figures/decom_mse_knn_pearson_proxy.png>
Package pdftex.def Info: figures/decom_mse_knn_pearson_proxy.png used on input 
line 1353.
(pdftex.def)             Requested size: 230.18254pt x 172.63771pt.

<figures/decom_mse_knn_kendall_proxy.png, id=1033, 462.528pt x 346.896pt>
File: figures/decom_mse_knn_kendall_proxy.png Graphic file (type png)

<use figures/decom_mse_knn_kendall_proxy.png>
Package pdftex.def Info: figures/decom_mse_knn_kendall_proxy.png used on input 
line 1360.
(pdftex.def)             Requested size: 230.18254pt x 172.63771pt.
 [37 <./figures/knn_pearson_21_estimates_bootstrap_proxy.png> <./figures/knn_ke
ndall_21_estimates_bootstrap_proxy.png> <./figures/decom_mse_knn_pearson_proxy.
png> <./figures/decom_mse_knn_kendall_proxy.png>]
Underfull \hbox (badness 10000) in paragraph at lines 1435--1437

 []

[38]
Underfull \hbox (badness 10000) in paragraph at lines 1438--1440

 []


<figures/knn_pearson_21_IDW_estimates_bootstrap_proxy.png, id=1062, 462.528pt x
 346.896pt>
File: figures/knn_pearson_21_IDW_estimates_bootstrap_proxy.png Graphic file (ty
pe png)
 <use figures/knn_pearson_21_IDW_estimates_bootstrap_proxy.png>
Package pdftex.def Info: figures/knn_pearson_21_IDW_estimates_bootstrap_proxy.p
ng used on input line 1449.
(pdftex.def)             Requested size: 230.18254pt x 172.63771pt.

<figures/knn_kendall_21_IDW_estimates_bootstrap_proxy.png, id=1063, 462.528pt x
 346.896pt>
File: figures/knn_kendall_21_IDW_estimates_bootstrap_proxy.png Graphic file (ty
pe png)
 <use figures/knn_kendall_21_IDW_estimates_bootstrap_proxy.png>
Package pdftex.def Info: figures/knn_kendall_21_IDW_estimates_bootstrap_proxy.p
ng used on input line 1456.
(pdftex.def)             Requested size: 230.18254pt x 172.63771pt.

<figures/decom_mse_knn_IDW_pearson_proxy.png, id=1064, 462.528pt x 346.896pt>
File: figures/decom_mse_knn_IDW_pearson_proxy.png Graphic file (type png)

<use figures/decom_mse_knn_IDW_pearson_proxy.png>
Package pdftex.def Info: figures/decom_mse_knn_IDW_pearson_proxy.png used on in
put line 1463.
(pdftex.def)             Requested size: 230.18254pt x 172.63771pt.

<figures/decom_mse_knn_IDW_kendall_proxy.png, id=1065, 462.528pt x 346.896pt>
File: figures/decom_mse_knn_IDW_kendall_proxy.png Graphic file (type png)

<use figures/decom_mse_knn_IDW_kendall_proxy.png>
Package pdftex.def Info: figures/decom_mse_knn_IDW_kendall_proxy.png used on in
put line 1470.
(pdftex.def)             Requested size: 230.18254pt x 172.63771pt.
 [39]
Underfull \hbox (badness 10000) in paragraph at lines 1479--1482

 []

[40 <./figures/knn_pearson_21_IDW_estimates_bootstrap_proxy.png> <./figures/knn
_kendall_21_IDW_estimates_bootstrap_proxy.png> <./figures/decom_mse_knn_IDW_pea
rson_proxy.png> <./figures/decom_mse_knn_IDW_kendall_proxy.png>]
Underfull \hbox (badness 10000) in paragraph at lines 1483--1485

 []


Underfull \hbox (badness 10000) in paragraph at lines 1486--1488

 []


<figures/mse_knn5_IDW_pearson_kendall_proxy.png, id=1088, 462.528pt x 346.896pt
>
File: figures/mse_knn5_IDW_pearson_kendall_proxy.png Graphic file (type png)
 <use figures/mse_knn5_IDW_pearson_kendall_proxy.png>
Package pdftex.def Info: figures/mse_knn5_IDW_pearson_kendall_proxy.png used on
 input line 1495.
(pdftex.def)             Requested size: 230.18254pt x 172.63771pt.

<figures/det_knn_IDW_len_train_pearson_kendall_proxy.png, id=1089, 462.528pt x 
346.896pt>
File: figures/det_knn_IDW_len_train_pearson_kendall_proxy.png Graphic file (typ
e png)
 <use figures/det_knn_IDW_len_train_pearson_kendall_proxy.png>
Package pdftex.def Info: figures/det_knn_IDW_len_train_pearson_kendall_proxy.pn
g used on input line 1502.
(pdftex.def)             Requested size: 230.18254pt x 172.63771pt.

[41]
<figures/mse_rf10_pearson_kendall_proxy.png, id=1099, 462.528pt x 346.896pt>
File: figures/mse_rf10_pearson_kendall_proxy.png Graphic file (type png)

<use figures/mse_rf10_pearson_kendall_proxy.png>
Package pdftex.def Info: figures/mse_rf10_pearson_kendall_proxy.png used on inp
ut line 1520.
(pdftex.def)             Requested size: 230.18254pt x 172.63771pt.

<figures/det_rf10_pearson_kendall_proxy.png, id=1100, 462.528pt x 346.896pt>
File: figures/det_rf10_pearson_kendall_proxy.png Graphic file (type png)

<use figures/det_rf10_pearson_kendall_proxy.png>
Package pdftex.def Info: figures/det_rf10_pearson_kendall_proxy.png used on inp
ut line 1527.
(pdftex.def)             Requested size: 230.18254pt x 172.63771pt.
 [42 <./figures/mse_knn5_IDW_pearson_kendall_proxy.png> <./figures/det_knn_IDW_
len_train_pearson_kendall_proxy.png>]
Underfull \hbox (badness 10000) in paragraph at lines 1535--1537

 []

[43 <./figures/mse_rf10_pearson_kendall_proxy.png> <./figures/det_rf10_pearson_
kendall_proxy.png>]
<figures/rf_pearson_21_estimates_bootstrap_proxy.png, id=1130, 462.528pt x 346.
896pt>
File: figures/rf_pearson_21_estimates_bootstrap_proxy.png Graphic file (type pn
g)
 <use figures/rf_pearson_21_estimates_bootstrap_proxy.png>
Package pdftex.def Info: figures/rf_pearson_21_estimates_bootstrap_proxy.png us
ed on input line 1547.
(pdftex.def)             Requested size: 230.18254pt x 172.63771pt.

<figures/rf_kendall_21_estimates_bootstrap_proxy.png, id=1131, 462.528pt x 346.
896pt>
File: figures/rf_kendall_21_estimates_bootstrap_proxy.png Graphic file (type pn
g)
 <use figures/rf_kendall_21_estimates_bootstrap_proxy.png>
Package pdftex.def Info: figures/rf_kendall_21_estimates_bootstrap_proxy.png us
ed on input line 1554.
(pdftex.def)             Requested size: 230.18254pt x 172.63771pt.

<figures/decom_mse_rf10_pearson_proxy.png, id=1132, 462.528pt x 346.896pt>
File: figures/decom_mse_rf10_pearson_proxy.png Graphic file (type png)

<use figures/decom_mse_rf10_pearson_proxy.png>
Package pdftex.def Info: figures/decom_mse_rf10_pearson_proxy.png used on input
 line 1561.
(pdftex.def)             Requested size: 230.18254pt x 172.63771pt.

<figures/decom_mse_rf10_kendall_proxy.png, id=1133, 462.528pt x 346.896pt>
File: figures/decom_mse_rf10_kendall_proxy.png Graphic file (type png)

<use figures/decom_mse_rf10_kendall_proxy.png>
Package pdftex.def Info: figures/decom_mse_rf10_kendall_proxy.png used on input
 line 1568.
(pdftex.def)             Requested size: 230.18254pt x 172.63771pt.

Underfull \hbox (badness 10000) in paragraph at lines 1577--1578

 []

[44 <./figures/rf_pearson_21_estimates_bootstrap_proxy.png> <./figures/rf_kenda
ll_21_estimates_bootstrap_proxy.png> <./figures/decom_mse_rf10_pearson_proxy.pn
g> <./figures/decom_mse_rf10_kendall_proxy.png>]
Underfull \hbox (badness 10000) in paragraph at lines 1579--1581

 []


Underfull \hbox (badness 10000) in paragraph at lines 1635--1637

 []


<figures/mse_rf10_pearson_kendall_comp_proxy.png, id=1150, 462.528pt x 346.896p
t>
File: figures/mse_rf10_pearson_kendall_comp_proxy.png Graphic file (type png)
 <use figures/mse_rf10_pearson_kendall_comp_proxy.png>
Package pdftex.def Info: figures/mse_rf10_pearson_kendall_comp_proxy.png used o
n input line 1643.
(pdftex.def)             Requested size: 230.18254pt x 172.63771pt.
 [45]
Underfull \hbox (badness 10000) in paragraph at lines 1665--1666

 []


Underfull \hbox (badness 10000) in paragraph at lines 1667--1669

 []


Underfull \hbox (badness 10000) in paragraph at lines 1670--1672

 []

[46 <./figures/mse_rf10_pearson_kendall_comp_proxy.png>]
Underfull \hbox (badness 10000) in paragraph at lines 1673--1675

 []

[47]
Chapter 4.

Underfull \hbox (badness 10000) in paragraph at lines 1703--1704

 []


Underfull \hbox (badness 10000) in paragraph at lines 1705--1707

 []

[48

]
Underfull \hbox (badness 10000) in paragraph at lines 1731--1733

 []


Underfull \hbox (badness 10000) in paragraph at lines 1757--1759

 []


Underfull \hbox (badness 10000) in paragraph at lines 1765--1767

 []


Underfull \hbox (badness 10000) in paragraph at lines 1796--1797

 []

[49]
Underfull \hbox (badness 10000) in paragraph at lines 1806--1808

 []

[50]
Underfull \hbox (badness 10000) in paragraph at lines 1816--1818

 []


Underfull \hbox (badness 10000) in paragraph at lines 1819--1821

 []


<figures/multivar_analysis/log_returns_DJ_constituents.png, id=1225, 828.2142pt
 x 415.5525pt>
File: figures/multivar_analysis/log_returns_DJ_constituents.png Graphic file (t
ype png)
 <use figures/multivar_analysis/log_returns_DJ_constituents.png>
Package pdftex.def Info: figures/multivar_analysis/log_returns_DJ_constituents.
png used on input line 1833.
(pdftex.def)             Requested size: 496.93236pt x 249.33342pt.

Overfull \hbox (27.1773pt too wide) in paragraph at lines 1833--1834
 [][] 
 []

[51]
Overfull \hbox (24.06073pt too wide) in paragraph at lines 1845--1888
 [][] 
 []

[52 <./figures/multivar_analysis/log_returns_DJ_constituents.png>] [53]
Underfull \hbox (badness 10000) in paragraph at lines 1933--1935

 []

[54]
Underfull \hbox (badness 10000) in paragraph at lines 1941--1942

 []

[55]
Underfull \hbox (badness 10000) in paragraph at lines 1957--1959

 []


Underfull \hbox (badness 10000) in paragraph at lines 1963--1965

 []


Underfull \hbox (badness 10000) in paragraph at lines 1967--1969

 []

[56] [57] [58


] [59]
Underfull \hbox (badness 10000) in paragraph at lines 2143--2144

 []

[60


]
Chapter 5.
(./Thesis_project_PGMelkert_0893899.bbl [61

] [62

] [63] [64]) [65]
Appendix A.
[66

] [67]
Appendix B.

Package caption Warning: Unused \captionsetup[subtable] on input line 1844.
See the caption package documentation for explanation.

Package atveryend Info: Empty hook `BeforeClearDocument' on input line 2584.
[68

]
Package atveryend Info: Empty hook `AfterLastShipout' on input line 2584.
 (./Thesis_project_PGMelkert_0893899.aux)
Package atveryend Info: Executing hook `AtVeryEndDocument' on input line 2584.
Package atveryend Info: Executing hook `AtEndAfterFileList' on input line 2584.

Package rerunfilecheck Info: File `Thesis_project_PGMelkert_0893899.out' has no
t changed.
(rerunfilecheck)             Checksum: 01675B61919B2252DB1C85EB868FBDF1;4265.


LaTeX Warning: There were multiply-defined labels.

Package atveryend Info: Empty hook `AtVeryVeryEnd' on input line 2584.
 ) 
Here is how much of TeX's memory you used:
 19547 strings out of 493014
 338871 string characters out of 6133351
 537560 words of memory out of 5000000
 22495 multiletter control sequences out of 15000+600000
 22608 words of font info for 83 fonts, out of 8000000 for 9000
 1141 hyphenation exceptions out of 8191
 41i,22n,43p,10478b,575s stack positions out of 5000i,500n,10000p,200000b,80000s
pdfTeX warning (dest): name{Hfootnote.10} has been referenced but does not ex
ist, replaced by a fixed one

pdfTeX warning (dest): name{Hfootnote.9} has been referenced but does not exist
, replaced by a fixed one

pdfTeX warning (dest): name{Hfootnote.8} has been referenced but does not exist
, replaced by a fixed one

pdfTeX warning (dest): name{Hfootnote.7} has been referenced but does not exist
, replaced by a fixed one

pdfTeX warning (dest): name{Hfootnote.6} has been referenced but does not exist
, replaced by a fixed one

pdfTeX warning (dest): name{Hfootnote.5} has been referenced but does not exist
, replaced by a fixed one

pdfTeX warning (dest): name{Hfootnote.4} has been referenced but does not exist
, replaced by a fixed one

pdfTeX warning (dest): name{Hfootnote.3} has been referenced but does not exist
, replaced by a fixed one

pdfTeX warning (dest): name{Hfootnote.2} has been referenced but does not exist
, replaced by a fixed one

pdfTeX warning (dest): name{Hfootnote.1} has been referenced but does not exist
, replaced by a fixed one

</usr/local/texlive/2016/texmf-dist/fonts/type1/public/amsfonts/cm/cmbx10.pfb><
/usr/local/texlive/2016/texmf-dist/fonts/type1/public/amsfonts/cm/cmbx12.pfb></
usr/local/texlive/2016/texmf-dist/fonts/type1/public/amsfonts/cm/cmex10.pfb></u
sr/local/texlive/2016/texmf-dist/fonts/type1/public/amsfonts/cmextra/cmex9.pfb>
</usr/local/texlive/2016/texmf-dist/fonts/type1/public/amsfonts/cm/cmmi10.pfb><
/usr/local/texlive/2016/texmf-dist/fonts/type1/public/amsfonts/cm/cmmi12.pfb></
usr/local/texlive/2016/texmf-dist/fonts/type1/public/amsfonts/cm/cmmi6.pfb></us
r/local/texlive/2016/texmf-dist/fonts/type1/public/amsfonts/cm/cmmi7.pfb></usr/
local/texlive/2016/texmf-dist/fonts/type1/public/amsfonts/cm/cmmi8.pfb></usr/lo
cal/texlive/2016/texmf-dist/fonts/type1/public/amsfonts/cm/cmmi9.pfb></usr/loca
l/texlive/2016/texmf-dist/fonts/type1/public/amsfonts/cm/cmr10.pfb></usr/local/
texlive/2016/texmf-dist/fonts/type1/public/amsfonts/cm/cmr6.pfb></usr/local/tex
live/2016/texmf-dist/fonts/type1/public/amsfonts/cm/cmr8.pfb></usr/local/texliv
e/2016/texmf-dist/fonts/type1/public/amsfonts/cm/cmr9.pfb></usr/local/texlive/2
016/texmf-dist/fonts/type1/public/amsfonts/cm/cmsy10.pfb></usr/local/texlive/20
16/texmf-dist/fonts/type1/public/amsfonts/cm/cmsy6.pfb></usr/local/texlive/2016
/texmf-dist/fonts/type1/public/amsfonts/cm/cmsy8.pfb></usr/local/texlive/2016/t
exmf-dist/fonts/type1/public/amsfonts/cm/cmti10.pfb></usr/local/texlive/2016/te
xmf-dist/fonts/type1/public/amsfonts/symbols/msbm10.pfb>
Output written on Thesis_project_PGMelkert_0893899.pdf (78 pages, 5847156 bytes
).
PDF statistics:
 1466 PDF objects out of 1728 (max. 8388607)
 1253 compressed objects within 13 object streams
 287 named destinations out of 1000 (max. 500000)
 641 words of extra memory for PDF output out of 10000 (max. 10000000)

